[15:04:46] [Server thread/INFO]: Starting minecraft server version 1.7.2
[15:04:46] [Server thread/WARN]: To start the server with more ram, launch it as "java -Xmx1024M -Xms1024M -jar minecraft_server.jar"
[15:04:51] [Server thread/INFO]: Loading properties
[15:04:51] [Server thread/WARN]: server.properties does not exist
[15:04:51] [Server thread/INFO]: Generating new properties file
[15:04:51] [Server thread/INFO]: Default game type: SURVIVAL
[15:04:51] [Server thread/INFO]: Generating keypair
[15:04:51] [Server thread/INFO]: Starting Minecraft server on *:25565
[15:04:51] [Server thread/WARN]: Failed to load operators list: java.io.FileNotFoundException: .\ops.txt (The system cannot find the file specified)
[15:04:51] [Server thread/WARN]: Failed to load white-list: java.io.FileNotFoundException: .\white-list.txt (The system cannot find the file specified)
[15:04:51] [Server thread/INFO]: Preparing level "world"
[15:04:51] [Server thread/INFO]: Preparing start region for level 0
[15:04:52] [Server thread/INFO]: Done (0.491s)! For help, type "help" or "?"
[15:04:52] [Server thread/INFO]: Stopping server
[15:04:52] [Server thread/INFO]: Saving players
[15:04:52] [Server thread/INFO]: Saving worlds
[15:04:52] [Server thread/INFO]: Saving chunks for level 'world'/Overworld
[15:04:52] [Server thread/INFO]: Saving chunks for level 'world'/Nether
[15:04:52] [Server thread/INFO]: Saving chunks for level 'world'/The End
[15:04:52] [Server Shutdown Thread/INFO]: Stopping server
[15:04:52] [Server Shutdown Thread/INFO]: Saving players
[15:04:52] [Server Shutdown Thread/INFO]: Saving worlds
